2022-11-18 13:56:07,489 INFO org.springframework.boot.StartupInfoLogger [main] Starting SpringEurekaRegistryApplication using Java 17.0.4.1 on Fakruddin with PID 20992 (C:\Users\BabaFakruddinDharuba\training\Practice\flattenpdf-eureka-registry\target\classes started by BabaFakruddinDharuba in C:\Users\BabaFakruddinDharuba\training\Practice\flattenpdf-eureka-registry)
2022-11-18 13:56:07,492 DEBUG org.springframework.boot.StartupInfoLogger [main] Running with Spring Boot v2.6.13, Spring v5.3.23
2022-11-18 13:56:07,493 INFO org.springframework.boot.SpringApplication [main] No active profile set, falling back to 1 default profile: "default"
2022-11-18 13:56:08,293 INFO org.springframework.cloud.context.scope.GenericScope [main] BeanFactory id=ff5f53cb-9cc0-39ed-962d-1b18b49452e2
2022-11-18 13:56:08,528 INFO org.springframework.boot.web.embedded.tomcat.TomcatWebServer [main] Tomcat initialized with port(s): 8761 (http)
2022-11-18 13:56:08,536 INFO org.apache.juli.logging.DirectJDKLog [main] Initializing ProtocolHandler ["http-nio-8761"]
2022-11-18 13:56:08,536 INFO org.apache.juli.logging.DirectJDKLog [main] Starting service [Tomcat]
2022-11-18 13:56:08,536 INFO org.apache.juli.logging.DirectJDKLog [main] Starting Servlet engine: [Apache Tomcat/9.0.68]
2022-11-18 13:56:08,675 INFO org.apache.juli.logging.DirectJDKLog [main] Initializing Spring embedded WebApplicationContext
2022-11-18 13:56:08,675 INFO org.springframework.boot.web.servlet.context.ServletWebServerApplicationContext [main] Root WebApplicationContext: initialization completed in 1137 ms
2022-11-18 13:56:09,044 INFO com.sun.jersey.server.impl.application.WebApplicationImpl [main] Initiating Jersey application, version 'Jersey: 1.19.4 05/24/2017 03:20 PM'
2022-11-18 13:56:09,091 INFO com.netflix.discovery.provider.DiscoveryJerseyProvider [main] Using JSON encoding codec LegacyJacksonJson
2022-11-18 13:56:09,093 INFO com.netflix.discovery.provider.DiscoveryJerseyProvider [main] Using JSON decoding codec LegacyJacksonJson
2022-11-18 13:56:09,258 INFO com.netflix.discovery.provider.DiscoveryJerseyProvider [main] Using XML encoding codec XStreamXml
2022-11-18 13:56:09,258 INFO com.netflix.discovery.provider.DiscoveryJerseyProvider [main] Using XML decoding codec XStreamXml
2022-11-18 13:56:10,242 INFO org.springframework.cloud.netflix.eureka.config.DiscoveryClientOptionalArgsConfiguration [main] Eureka HTTP Client uses Jersey
2022-11-18 13:56:10,281 WARN org.springframework.cloud.loadbalancer.config.LoadBalancerCacheAutoConfiguration$LoadBalancerCaffeineWarnLogger [main] Spring Cloud LoadBalancer is currently working with the default cache. While this cache implementation is useful for development and tests, it's recommended to use Caffeine cache in production.You can switch to using Caffeine cache, by adding it and org.springframework.cache.caffeine.CaffeineCacheManager to the classpath.
2022-11-18 13:56:10,298 INFO org.springframework.cloud.netflix.eureka.InstanceInfoFactory [main] Setting initial instance status as: STARTING
2022-11-18 13:56:10,324 INFO com.netflix.discovery.DiscoveryClient [main] Initializing Eureka in region us-east-1
2022-11-18 13:56:10,324 INFO com.netflix.discovery.DiscoveryClient [main] Client configured to neither register nor query for data.
2022-11-18 13:56:10,332 INFO com.netflix.discovery.DiscoveryClient [main] Discovery Client initialized at timestamp 1668759970331 with initial instances count: 0
2022-11-18 13:56:10,363 INFO com.netflix.eureka.DefaultEurekaServerContext [main] Initializing ...
2022-11-18 13:56:10,364 WARN com.netflix.eureka.cluster.PeerEurekaNodes [main] The replica size seems to be empty. Check the route 53 DNS Registry
2022-11-18 13:56:10,377 INFO com.netflix.eureka.registry.AbstractInstanceRegistry [main] Finished initializing remote region registries. All known remote regions: []
2022-11-18 13:56:10,379 INFO com.netflix.eureka.DefaultEurekaServerContext [main] Initialized
2022-11-18 13:56:10,386 INFO org.springframework.boot.actuate.endpoint.web.EndpointLinksResolver [main] Exposing 1 endpoint(s) beneath base path '/actuator'
2022-11-18 13:56:10,433 INFO org.springframework.cloud.netflix.eureka.serviceregistry.EurekaServiceRegistry [main] Registering application UNKNOWN with eureka with status UP
2022-11-18 13:56:10,435 INFO org.apache.juli.logging.DirectJDKLog [main] Starting ProtocolHandler ["http-nio-8761"]
2022-11-18 13:56:10,444 INFO org.springframework.cloud.netflix.eureka.server.EurekaServerBootstrap [Thread-9] isAws returned false
2022-11-18 13:56:10,445 INFO org.springframework.cloud.netflix.eureka.server.EurekaServerBootstrap [Thread-9] Initialized server context
2022-11-18 13:56:10,445 INFO com.netflix.eureka.registry.PeerAwareInstanceRegistryImpl [Thread-9] Got 1 instances from neighboring DS node
2022-11-18 13:56:10,445 INFO com.netflix.eureka.registry.PeerAwareInstanceRegistryImpl [Thread-9] Renew threshold is: 1
2022-11-18 13:56:10,445 INFO com.netflix.eureka.registry.PeerAwareInstanceRegistryImpl [Thread-9] Changing status to UP
2022-11-18 13:56:10,453 INFO org.springframework.cloud.netflix.eureka.server.EurekaServerInitializerConfiguration [Thread-9] Started Eureka Server
2022-11-18 13:56:10,459 INFO org.springframework.boot.web.embedded.tomcat.TomcatWebServer [main] Tomcat started on port(s): 8761 (http) with context path ''
2022-11-18 13:56:10,460 INFO org.springframework.cloud.netflix.eureka.serviceregistry.EurekaAutoServiceRegistration [main] Updating port to 8761
2022-11-18 13:56:10,566 INFO org.springframework.boot.StartupInfoLogger [main] Started SpringEurekaRegistryApplication in 3.665 seconds (JVM running for 4.471)
2022-11-18 13:56:11,586 INFO org.apache.juli.logging.DirectJDKLog [RMI TCP Connection(9)-127.0.0.1] Initializing Spring DispatcherServlet 'dispatcherServlet'
2022-11-18 13:56:11,586 INFO org.springframework.web.servlet.FrameworkServlet [RMI TCP Connection(9)-127.0.0.1] Initializing Servlet 'dispatcherServlet'
2022-11-18 13:56:11,587 INFO org.springframework.web.servlet.FrameworkServlet [RMI TCP Connection(9)-127.0.0.1] Completed initialization in 1 ms
2022-11-18 13:56:26,091 INFO com.netflix.eureka.registry.AbstractInstanceRegistry [http-nio-8761-exec-1] Registered instance FLATTENPDF-CONFIG-SERVER/Fakruddin:FLATTENPDF-CONFIG-SERVER:8888 with status UP (replication=false)
2022-11-18 13:56:59,286 INFO com.netflix.eureka.registry.AbstractInstanceRegistry [http-nio-8761-exec-6] Registered instance FLATTENPDF-API-SERVICE/Fakruddin:FLATTENPDF-API-SERVICE:8082 with status UP (replication=false)
2022-11-18 13:57:09,223 INFO com.netflix.eureka.registry.AbstractInstanceRegistry [http-nio-8761-exec-8] Registered instance FLATTENPDF-GATEWAY/Fakruddin:FLATTENPDF-GATEWAY:9000 with status UP (replication=false)
2022-11-18 13:57:10,447 INFO com.netflix.eureka.registry.AbstractInstanceRegistry$EvictionTask [Eureka-EvictionTimer] Running the evict task with compensationTime 0ms
2022-11-18 13:58:10,447 INFO com.netflix.eureka.registry.AbstractInstanceRegistry$EvictionTask [Eureka-EvictionTimer] Running the evict task with compensationTime 0ms
2022-11-18 13:59:10,451 INFO com.netflix.eureka.registry.AbstractInstanceRegistry$EvictionTask [Eureka-EvictionTimer] Running the evict task with compensationTime 3ms
2022-11-18 14:00:10,451 INFO com.netflix.eureka.registry.AbstractInstanceRegistry$EvictionTask [Eureka-EvictionTimer] Running the evict task with compensationTime 0ms
2022-11-18 14:01:10,451 INFO com.netflix.eureka.registry.AbstractInstanceRegistry$EvictionTask [Eureka-EvictionTimer] Running the evict task with compensationTime 0ms
2022-11-18 14:02:10,460 INFO com.netflix.eureka.registry.AbstractInstanceRegistry$EvictionTask [Eureka-EvictionTimer] Running the evict task with compensationTime 8ms
2022-11-18 14:03:10,461 INFO com.netflix.eureka.registry.AbstractInstanceRegistry$EvictionTask [Eureka-EvictionTimer] Running the evict task with compensationTime 0ms
2022-11-18 14:04:10,461 INFO com.netflix.eureka.registry.AbstractInstanceRegistry$EvictionTask [Eureka-EvictionTimer] Running the evict task with compensationTime 0ms
2022-11-18 14:05:10,464 INFO com.netflix.eureka.registry.AbstractInstanceRegistry$EvictionTask [Eureka-EvictionTimer] Running the evict task with compensationTime 2ms
2022-11-18 14:06:10,368 WARN com.netflix.eureka.cluster.PeerEurekaNodes [Eureka-PeerNodesUpdater] The replica size seems to be empty. Check the route 53 DNS Registry
2022-11-18 14:06:10,464 INFO com.netflix.eureka.registry.AbstractInstanceRegistry$EvictionTask [Eureka-EvictionTimer] Running the evict task with compensationTime 0ms
2022-11-18 14:07:10,467 INFO com.netflix.eureka.registry.AbstractInstanceRegistry$EvictionTask [Eureka-EvictionTimer] Running the evict task with compensationTime 3ms
2022-11-18 14:08:10,468 INFO com.netflix.eureka.registry.AbstractInstanceRegistry$EvictionTask [Eureka-EvictionTimer] Running the evict task with compensationTime 0ms
2022-11-18 14:09:10,479 INFO com.netflix.eureka.registry.AbstractInstanceRegistry$EvictionTask [Eureka-EvictionTimer] Running the evict task with compensationTime 11ms
2022-11-18 14:10:10,487 INFO com.netflix.eureka.registry.AbstractInstanceRegistry$EvictionTask [Eureka-EvictionTimer] Running the evict task with compensationTime 7ms
2022-11-18 14:11:10,378 INFO com.netflix.eureka.registry.PeerAwareInstanceRegistryImpl [ReplicaAwareInstanceRegistry - RenewalThresholdUpdater] Current renewal threshold is : 0
2022-11-18 14:11:10,501 INFO com.netflix.eureka.registry.AbstractInstanceRegistry$EvictionTask [Eureka-EvictionTimer] Running the evict task with compensationTime 14ms
2022-11-18 14:12:10,502 INFO com.netflix.eureka.registry.AbstractInstanceRegistry$EvictionTask [Eureka-EvictionTimer] Running the evict task with compensationTime 0ms
2022-11-18 14:13:10,503 INFO com.netflix.eureka.registry.AbstractInstanceRegistry$EvictionTask [Eureka-EvictionTimer] Running the evict task with compensationTime 1ms
2022-11-18 14:13:23,262 INFO com.netflix.eureka.registry.AbstractInstanceRegistry [http-nio-8761-exec-1] Registered instance FLATTENPDF-API-SERVICE/Fakruddin:FLATTENPDF-API-SERVICE:8082 with status UP (replication=false)
2022-11-18 14:13:23,338 INFO com.netflix.eureka.registry.AbstractInstanceRegistry [http-nio-8761-exec-3] Registered instance FLATTENPDF-API-SERVICE/Fakruddin:FLATTENPDF-API-SERVICE:8082 with status DOWN (replication=false)
2022-11-18 14:13:26,372 INFO com.netflix.eureka.registry.AbstractInstanceRegistry [http-nio-8761-exec-4] Cancelled instance FLATTENPDF-API-SERVICE/Fakruddin:FLATTENPDF-API-SERVICE:8082 (replication=false)
2022-11-18 14:13:29,671 WARN com.netflix.eureka.registry.AbstractInstanceRegistry [http-nio-8761-exec-10] DS: Registry: lease doesn't exist, registering resource: FLATTENPDF-API-SERVICE - Fakruddin:FLATTENPDF-API-SERVICE:8082
2022-11-18 14:13:29,672 WARN com.netflix.eureka.resources.InstanceResource [http-nio-8761-exec-10] Not Found (Renew): FLATTENPDF-API-SERVICE - Fakruddin:FLATTENPDF-API-SERVICE:8082
2022-11-18 14:13:29,676 INFO com.netflix.eureka.registry.AbstractInstanceRegistry [http-nio-8761-exec-2] Registered instance FLATTENPDF-API-SERVICE/Fakruddin:FLATTENPDF-API-SERVICE:8082 with status UP (replication=false)
2022-11-18 14:14:10,503 INFO com.netflix.eureka.registry.AbstractInstanceRegistry$EvictionTask [Eureka-EvictionTimer] Running the evict task with compensationTime 0ms
2022-11-18 14:15:10,504 INFO com.netflix.eureka.registry.AbstractInstanceRegistry$EvictionTask [Eureka-EvictionTimer] Running the evict task with compensationTime 0ms
2022-11-18 14:16:10,369 WARN com.netflix.eureka.cluster.PeerEurekaNodes [Eureka-PeerNodesUpdater] The replica size seems to be empty. Check the route 53 DNS Registry
2022-11-18 14:16:10,504 INFO com.netflix.eureka.registry.AbstractInstanceRegistry$EvictionTask [Eureka-EvictionTimer] Running the evict task with compensationTime 0ms
2022-11-18 14:17:10,505 INFO com.netflix.eureka.registry.AbstractInstanceRegistry$EvictionTask [Eureka-EvictionTimer] Running the evict task with compensationTime 1ms
2022-11-18 14:18:10,505 INFO com.netflix.eureka.registry.AbstractInstanceRegistry$EvictionTask [Eureka-EvictionTimer] Running the evict task with compensationTime 0ms
2022-11-18 14:18:47,793 INFO com.netflix.eureka.registry.AbstractInstanceRegistry [http-nio-8761-exec-10] Registered instance FLATTENPDF-API-SERVICE/Fakruddin:FLATTENPDF-API-SERVICE:8082 with status UP (replication=false)
2022-11-18 14:18:47,879 INFO com.netflix.eureka.registry.AbstractInstanceRegistry [http-nio-8761-exec-1] Registered instance FLATTENPDF-API-SERVICE/Fakruddin:FLATTENPDF-API-SERVICE:8082 with status DOWN (replication=false)
2022-11-18 14:18:50,909 INFO com.netflix.eureka.registry.AbstractInstanceRegistry [http-nio-8761-exec-2] Cancelled instance FLATTENPDF-API-SERVICE/Fakruddin:FLATTENPDF-API-SERVICE:8082 (replication=false)
2022-11-18 14:18:59,832 WARN com.netflix.eureka.registry.AbstractInstanceRegistry [http-nio-8761-exec-8] DS: Registry: lease doesn't exist, registering resource: FLATTENPDF-API-SERVICE - Fakruddin:FLATTENPDF-API-SERVICE:8082
2022-11-18 14:18:59,833 WARN com.netflix.eureka.resources.InstanceResource [http-nio-8761-exec-8] Not Found (Renew): FLATTENPDF-API-SERVICE - Fakruddin:FLATTENPDF-API-SERVICE:8082
2022-11-18 14:18:59,839 INFO com.netflix.eureka.registry.AbstractInstanceRegistry [http-nio-8761-exec-9] Registered instance FLATTENPDF-API-SERVICE/Fakruddin:FLATTENPDF-API-SERVICE:8082 with status UP (replication=false)
2022-11-18 14:19:10,505 INFO com.netflix.eureka.registry.AbstractInstanceRegistry$EvictionTask [Eureka-EvictionTimer] Running the evict task with compensationTime 0ms
2022-11-18 14:20:10,506 INFO com.netflix.eureka.registry.AbstractInstanceRegistry$EvictionTask [Eureka-EvictionTimer] Running the evict task with compensationTime 0ms
2022-11-18 14:21:10,514 INFO com.netflix.eureka.registry.AbstractInstanceRegistry$EvictionTask [Eureka-EvictionTimer] Running the evict task with compensationTime 8ms
2022-11-18 14:22:10,515 INFO com.netflix.eureka.registry.AbstractInstanceRegistry$EvictionTask [Eureka-EvictionTimer] Running the evict task with compensationTime 0ms
2022-11-18 14:23:10,515 INFO com.netflix.eureka.registry.AbstractInstanceRegistry$EvictionTask [Eureka-EvictionTimer] Running the evict task with compensationTime 0ms
2022-11-18 14:24:10,515 INFO com.netflix.eureka.registry.AbstractInstanceRegistry$EvictionTask [Eureka-EvictionTimer] Running the evict task with compensationTime 0ms
2022-11-18 14:25:10,515 INFO com.netflix.eureka.registry.AbstractInstanceRegistry$EvictionTask [Eureka-EvictionTimer] Running the evict task with compensationTime 0ms
2022-11-18 14:26:10,372 WARN com.netflix.eureka.cluster.PeerEurekaNodes [Eureka-PeerNodesUpdater] The replica size seems to be empty. Check the route 53 DNS Registry
2022-11-18 14:26:10,378 INFO com.netflix.eureka.registry.PeerAwareInstanceRegistryImpl [ReplicaAwareInstanceRegistry - RenewalThresholdUpdater] Current renewal threshold is : 0
2022-11-18 14:26:10,516 INFO com.netflix.eureka.registry.AbstractInstanceRegistry$EvictionTask [Eureka-EvictionTimer] Running the evict task with compensationTime 0ms
2022-11-18 14:26:12,858 INFO com.netflix.eureka.registry.AbstractInstanceRegistry [http-nio-8761-exec-4] Registered instance FLATTENPDF-API-SERVICE/Fakruddin:FLATTENPDF-API-SERVICE:8082 with status UP (replication=false)
2022-11-18 14:26:12,960 INFO com.netflix.eureka.registry.AbstractInstanceRegistry [http-nio-8761-exec-10] Registered instance FLATTENPDF-API-SERVICE/Fakruddin:FLATTENPDF-API-SERVICE:8082 with status DOWN (replication=false)
2022-11-18 14:26:16,002 INFO com.netflix.eureka.registry.AbstractInstanceRegistry [http-nio-8761-exec-9] Cancelled instance FLATTENPDF-API-SERVICE/Fakruddin:FLATTENPDF-API-SERVICE:8082 (replication=false)
2022-11-18 14:26:30,017 WARN com.netflix.eureka.registry.AbstractInstanceRegistry [http-nio-8761-exec-7] DS: Registry: lease doesn't exist, registering resource: FLATTENPDF-API-SERVICE - Fakruddin:FLATTENPDF-API-SERVICE:8082
2022-11-18 14:26:30,018 WARN com.netflix.eureka.resources.InstanceResource [http-nio-8761-exec-7] Not Found (Renew): FLATTENPDF-API-SERVICE - Fakruddin:FLATTENPDF-API-SERVICE:8082
2022-11-18 14:26:30,023 INFO com.netflix.eureka.registry.AbstractInstanceRegistry [http-nio-8761-exec-8] Registered instance FLATTENPDF-API-SERVICE/Fakruddin:FLATTENPDF-API-SERVICE:8082 with status UP (replication=false)
2022-11-18 14:27:10,516 INFO com.netflix.eureka.registry.AbstractInstanceRegistry$EvictionTask [Eureka-EvictionTimer] Running the evict task with compensationTime 0ms
2022-11-18 14:28:10,516 INFO com.netflix.eureka.registry.AbstractInstanceRegistry$EvictionTask [Eureka-EvictionTimer] Running the evict task with compensationTime 0ms
2022-11-18 14:29:10,517 INFO com.netflix.eureka.registry.AbstractInstanceRegistry$EvictionTask [Eureka-EvictionTimer] Running the evict task with compensationTime 0ms
2022-11-18 14:30:10,518 INFO com.netflix.eureka.registry.AbstractInstanceRegistry$EvictionTask [Eureka-EvictionTimer] Running the evict task with compensationTime 0ms
2022-11-18 14:30:43,629 INFO com.netflix.eureka.registry.AbstractInstanceRegistry [http-nio-8761-exec-4] Registered instance FLATTENPDF-API-SERVICE/Fakruddin:FLATTENPDF-API-SERVICE:8082 with status UP (replication=false)
2022-11-18 14:30:43,723 INFO com.netflix.eureka.registry.AbstractInstanceRegistry [http-nio-8761-exec-9] Registered instance FLATTENPDF-API-SERVICE/Fakruddin:FLATTENPDF-API-SERVICE:8082 with status DOWN (replication=false)
2022-11-18 14:30:46,753 INFO com.netflix.eureka.registry.AbstractInstanceRegistry [http-nio-8761-exec-2] Cancelled instance FLATTENPDF-API-SERVICE/Fakruddin:FLATTENPDF-API-SERVICE:8082 (replication=false)
2022-11-18 14:31:00,132 WARN com.netflix.eureka.registry.AbstractInstanceRegistry [http-nio-8761-exec-8] DS: Registry: lease doesn't exist, registering resource: FLATTENPDF-API-SERVICE - Fakruddin:FLATTENPDF-API-SERVICE:8082
2022-11-18 14:31:00,134 WARN com.netflix.eureka.resources.InstanceResource [http-nio-8761-exec-8] Not Found (Renew): FLATTENPDF-API-SERVICE - Fakruddin:FLATTENPDF-API-SERVICE:8082
2022-11-18 14:31:00,144 INFO com.netflix.eureka.registry.AbstractInstanceRegistry [http-nio-8761-exec-10] Registered instance FLATTENPDF-API-SERVICE/Fakruddin:FLATTENPDF-API-SERVICE:8082 with status UP (replication=false)
2022-11-18 14:31:10,532 INFO com.netflix.eureka.registry.AbstractInstanceRegistry$EvictionTask [Eureka-EvictionTimer] Running the evict task with compensationTime 14ms
2022-11-18 14:32:10,533 INFO com.netflix.eureka.registry.AbstractInstanceRegistry$EvictionTask [Eureka-EvictionTimer] Running the evict task with compensationTime 0ms
2022-11-18 14:33:10,533 INFO com.netflix.eureka.registry.AbstractInstanceRegistry$EvictionTask [Eureka-EvictionTimer] Running the evict task with compensationTime 0ms
2022-11-18 14:34:10,534 INFO com.netflix.eureka.registry.AbstractInstanceRegistry$EvictionTask [Eureka-EvictionTimer] Running the evict task with compensationTime 0ms
2022-11-18 14:35:10,534 INFO com.netflix.eureka.registry.AbstractInstanceRegistry$EvictionTask [Eureka-EvictionTimer] Running the evict task with compensationTime 0ms
2022-11-18 14:36:10,374 WARN com.netflix.eureka.cluster.PeerEurekaNodes [Eureka-PeerNodesUpdater] The replica size seems to be empty. Check the route 53 DNS Registry
2022-11-18 14:36:10,534 INFO com.netflix.eureka.registry.AbstractInstanceRegistry$EvictionTask [Eureka-EvictionTimer] Running the evict task with compensationTime 0ms
2022-11-18 14:37:10,534 INFO com.netflix.eureka.registry.AbstractInstanceRegistry$EvictionTask [Eureka-EvictionTimer] Running the evict task with compensationTime 0ms
2022-11-18 14:38:10,535 INFO com.netflix.eureka.registry.AbstractInstanceRegistry$EvictionTask [Eureka-EvictionTimer] Running the evict task with compensationTime 0ms
2022-11-18 14:39:10,536 INFO com.netflix.eureka.registry.AbstractInstanceRegistry$EvictionTask [Eureka-EvictionTimer] Running the evict task with compensationTime 0ms
2022-11-18 14:39:37,853 INFO com.netflix.eureka.registry.AbstractInstanceRegistry [http-nio-8761-exec-6] Registered instance FLATTENPDF-API-SERVICE/Fakruddin:FLATTENPDF-API-SERVICE:8082 with status UP (replication=false)
2022-11-18 14:39:37,943 INFO com.netflix.eureka.registry.AbstractInstanceRegistry [http-nio-8761-exec-3] Registered instance FLATTENPDF-API-SERVICE/Fakruddin:FLATTENPDF-API-SERVICE:8082 with status DOWN (replication=false)
2022-11-18 14:39:40,977 INFO com.netflix.eureka.registry.AbstractInstanceRegistry [http-nio-8761-exec-8] Cancelled instance FLATTENPDF-API-SERVICE/Fakruddin:FLATTENPDF-API-SERVICE:8082 (replication=false)
2022-11-18 14:40:00,361 WARN com.netflix.eureka.registry.AbstractInstanceRegistry [http-nio-8761-exec-5] DS: Registry: lease doesn't exist, registering resource: FLATTENPDF-API-SERVICE - Fakruddin:FLATTENPDF-API-SERVICE:8082
2022-11-18 14:40:00,362 WARN com.netflix.eureka.resources.InstanceResource [http-nio-8761-exec-5] Not Found (Renew): FLATTENPDF-API-SERVICE - Fakruddin:FLATTENPDF-API-SERVICE:8082
2022-11-18 14:40:00,368 INFO com.netflix.eureka.registry.AbstractInstanceRegistry [http-nio-8761-exec-3] Registered instance FLATTENPDF-API-SERVICE/Fakruddin:FLATTENPDF-API-SERVICE:8082 with status UP (replication=false)
2022-11-18 14:40:06,896 INFO com.netflix.eureka.registry.AbstractInstanceRegistry [http-nio-8761-exec-10] Registered instance FLATTENPDF-API-SERVICE/Fakruddin:FLATTENPDF-API-SERVICE:8082 with status UP (replication=false)
2022-11-18 14:40:07,001 INFO com.netflix.eureka.registry.AbstractInstanceRegistry [http-nio-8761-exec-8] Registered instance FLATTENPDF-API-SERVICE/Fakruddin:FLATTENPDF-API-SERVICE:8082 with status DOWN (replication=false)
2022-11-18 14:40:10,023 INFO com.netflix.eureka.registry.AbstractInstanceRegistry [http-nio-8761-exec-4] Cancelled instance FLATTENPDF-API-SERVICE/Fakruddin:FLATTENPDF-API-SERVICE:8082 (replication=false)
2022-11-18 14:40:10,536 INFO com.netflix.eureka.registry.AbstractInstanceRegistry$EvictionTask [Eureka-EvictionTimer] Running the evict task with compensationTime 0ms
2022-11-18 14:40:30,383 WARN com.netflix.eureka.registry.AbstractInstanceRegistry [http-nio-8761-exec-10] DS: Registry: lease doesn't exist, registering resource: FLATTENPDF-API-SERVICE - Fakruddin:FLATTENPDF-API-SERVICE:8082
2022-11-18 14:40:30,384 WARN com.netflix.eureka.resources.InstanceResource [http-nio-8761-exec-10] Not Found (Renew): FLATTENPDF-API-SERVICE - Fakruddin:FLATTENPDF-API-SERVICE:8082
2022-11-18 14:40:30,390 INFO com.netflix.eureka.registry.AbstractInstanceRegistry [http-nio-8761-exec-4] Registered instance FLATTENPDF-API-SERVICE/Fakruddin:FLATTENPDF-API-SERVICE:8082 with status UP (replication=false)
2022-11-18 14:41:10,378 INFO com.netflix.eureka.registry.PeerAwareInstanceRegistryImpl [ReplicaAwareInstanceRegistry - RenewalThresholdUpdater] Current renewal threshold is : 0
2022-11-18 14:41:10,537 INFO com.netflix.eureka.registry.AbstractInstanceRegistry$EvictionTask [Eureka-EvictionTimer] Running the evict task with compensationTime 0ms
2022-11-18 14:42:10,538 INFO com.netflix.eureka.registry.AbstractInstanceRegistry$EvictionTask [Eureka-EvictionTimer] Running the evict task with compensationTime 1ms
2022-11-18 14:43:10,538 INFO com.netflix.eureka.registry.AbstractInstanceRegistry$EvictionTask [Eureka-EvictionTimer] Running the evict task with compensationTime 0ms
2022-11-18 14:44:10,538 INFO com.netflix.eureka.registry.AbstractInstanceRegistry$EvictionTask [Eureka-EvictionTimer] Running the evict task with compensationTime 0ms
2022-11-18 14:45:10,553 INFO com.netflix.eureka.registry.AbstractInstanceRegistry$EvictionTask [Eureka-EvictionTimer] Running the evict task with compensationTime 14ms
2022-11-18 14:46:10,377 WARN com.netflix.eureka.cluster.PeerEurekaNodes [Eureka-PeerNodesUpdater] The replica size seems to be empty. Check the route 53 DNS Registry
2022-11-18 14:46:10,567 INFO com.netflix.eureka.registry.AbstractInstanceRegistry$EvictionTask [Eureka-EvictionTimer] Running the evict task with compensationTime 13ms
2022-11-18 14:47:10,568 INFO com.netflix.eureka.registry.AbstractInstanceRegistry$EvictionTask [Eureka-EvictionTimer] Running the evict task with compensationTime 1ms
2022-11-18 14:48:10,568 INFO com.netflix.eureka.registry.AbstractInstanceRegistry$EvictionTask [Eureka-EvictionTimer] Running the evict task with compensationTime 0ms
2022-11-18 14:49:10,569 INFO com.netflix.eureka.registry.AbstractInstanceRegistry$EvictionTask [Eureka-EvictionTimer] Running the evict task with compensationTime 0ms
2022-11-18 14:50:10,569 INFO com.netflix.eureka.registry.AbstractInstanceRegistry$EvictionTask [Eureka-EvictionTimer] Running the evict task with compensationTime 0ms
2022-11-18 14:51:10,570 INFO com.netflix.eureka.registry.AbstractInstanceRegistry$EvictionTask [Eureka-EvictionTimer] Running the evict task with compensationTime 0ms
2022-11-18 14:52:10,577 INFO com.netflix.eureka.registry.AbstractInstanceRegistry$EvictionTask [Eureka-EvictionTimer] Running the evict task with compensationTime 7ms
2022-11-18 14:53:10,578 INFO com.netflix.eureka.registry.AbstractInstanceRegistry$EvictionTask [Eureka-EvictionTimer] Running the evict task with compensationTime 0ms
2022-11-18 14:54:10,578 INFO com.netflix.eureka.registry.AbstractInstanceRegistry$EvictionTask [Eureka-EvictionTimer] Running the evict task with compensationTime 0ms
2022-11-18 14:55:10,579 INFO com.netflix.eureka.registry.AbstractInstanceRegistry$EvictionTask [Eureka-EvictionTimer] Running the evict task with compensationTime 0ms
2022-11-18 14:56:10,378 INFO com.netflix.eureka.registry.PeerAwareInstanceRegistryImpl [ReplicaAwareInstanceRegistry - RenewalThresholdUpdater] Current renewal threshold is : 0
2022-11-18 14:56:10,380 WARN com.netflix.eureka.cluster.PeerEurekaNodes [Eureka-PeerNodesUpdater] The replica size seems to be empty. Check the route 53 DNS Registry
2022-11-18 14:56:10,579 INFO com.netflix.eureka.registry.AbstractInstanceRegistry$EvictionTask [Eureka-EvictionTimer] Running the evict task with compensationTime 0ms
2022-11-18 14:57:10,580 INFO com.netflix.eureka.registry.AbstractInstanceRegistry$EvictionTask [Eureka-EvictionTimer] Running the evict task with compensationTime 0ms
2022-11-18 14:58:10,581 INFO com.netflix.eureka.registry.AbstractInstanceRegistry$EvictionTask [Eureka-EvictionTimer] Running the evict task with compensationTime 0ms
2022-11-18 14:59:10,582 INFO com.netflix.eureka.registry.AbstractInstanceRegistry$EvictionTask [Eureka-EvictionTimer] Running the evict task with compensationTime 1ms
2022-11-18 15:00:10,582 INFO com.netflix.eureka.registry.AbstractInstanceRegistry$EvictionTask [Eureka-EvictionTimer] Running the evict task with compensationTime 0ms
2022-11-18 15:01:10,582 INFO com.netflix.eureka.registry.AbstractInstanceRegistry$EvictionTask [Eureka-EvictionTimer] Running the evict task with compensationTime 0ms
2022-11-18 15:02:10,583 INFO com.netflix.eureka.registry.AbstractInstanceRegistry$EvictionTask [Eureka-EvictionTimer] Running the evict task with compensationTime 0ms
2022-11-18 15:03:10,584 INFO com.netflix.eureka.registry.AbstractInstanceRegistry$EvictionTask [Eureka-EvictionTimer] Running the evict task with compensationTime 0ms
2022-11-18 15:04:10,584 INFO com.netflix.eureka.registry.AbstractInstanceRegistry$EvictionTask [Eureka-EvictionTimer] Running the evict task with compensationTime 0ms
2022-11-18 15:05:10,584 INFO com.netflix.eureka.registry.AbstractInstanceRegistry$EvictionTask [Eureka-EvictionTimer] Running the evict task with compensationTime 0ms
2022-11-18 15:06:10,384 WARN com.netflix.eureka.cluster.PeerEurekaNodes [Eureka-PeerNodesUpdater] The replica size seems to be empty. Check the route 53 DNS Registry
2022-11-18 15:06:10,584 INFO com.netflix.eureka.registry.AbstractInstanceRegistry$EvictionTask [Eureka-EvictionTimer] Running the evict task with compensationTime 0ms
2022-11-18 15:07:10,584 INFO com.netflix.eureka.registry.AbstractInstanceRegistry$EvictionTask [Eureka-EvictionTimer] Running the evict task with compensationTime 0ms
2022-11-18 15:08:10,584 INFO com.netflix.eureka.registry.AbstractInstanceRegistry$EvictionTask [Eureka-EvictionTimer] Running the evict task with compensationTime 0ms
2022-11-18 15:09:10,587 INFO com.netflix.eureka.registry.AbstractInstanceRegistry$EvictionTask [Eureka-EvictionTimer] Running the evict task with compensationTime 2ms
2022-11-18 15:10:10,587 INFO com.netflix.eureka.registry.AbstractInstanceRegistry$EvictionTask [Eureka-EvictionTimer] Running the evict task with compensationTime 0ms
2022-11-18 15:11:10,379 INFO com.netflix.eureka.registry.PeerAwareInstanceRegistryImpl [ReplicaAwareInstanceRegistry - RenewalThresholdUpdater] Current renewal threshold is : 0
2022-11-18 15:11:10,587 INFO com.netflix.eureka.registry.AbstractInstanceRegistry$EvictionTask [Eureka-EvictionTimer] Running the evict task with compensationTime 0ms
2022-11-18 15:12:07,207 INFO com.netflix.eureka.registry.AbstractInstanceRegistry [http-nio-8761-exec-1] Registered instance FLATTENPDF-API-SERVICE/Fakruddin:FLATTENPDF-API-SERVICE:8082 with status UP (replication=false)
2022-11-18 15:12:07,294 INFO com.netflix.eureka.registry.AbstractInstanceRegistry [http-nio-8761-exec-9] Registered instance FLATTENPDF-API-SERVICE/Fakruddin:FLATTENPDF-API-SERVICE:8082 with status DOWN (replication=false)
2022-11-18 15:12:10,326 INFO com.netflix.eureka.registry.AbstractInstanceRegistry [http-nio-8761-exec-6] Cancelled instance FLATTENPDF-API-SERVICE/Fakruddin:FLATTENPDF-API-SERVICE:8082 (replication=false)
2022-11-18 15:12:10,587 INFO com.netflix.eureka.registry.AbstractInstanceRegistry$EvictionTask [Eureka-EvictionTimer] Running the evict task with compensationTime 0ms
2022-11-18 15:12:31,091 WARN com.netflix.eureka.registry.AbstractInstanceRegistry [http-nio-8761-exec-1] DS: Registry: lease doesn't exist, registering resource: FLATTENPDF-API-SERVICE - Fakruddin:FLATTENPDF-API-SERVICE:8082
2022-11-18 15:12:31,092 WARN com.netflix.eureka.resources.InstanceResource [http-nio-8761-exec-1] Not Found (Renew): FLATTENPDF-API-SERVICE - Fakruddin:FLATTENPDF-API-SERVICE:8082
2022-11-18 15:12:31,101 INFO com.netflix.eureka.registry.AbstractInstanceRegistry [http-nio-8761-exec-6] Registered instance FLATTENPDF-API-SERVICE/Fakruddin:FLATTENPDF-API-SERVICE:8082 with status UP (replication=false)
2022-11-18 15:13:10,587 INFO com.netflix.eureka.registry.AbstractInstanceRegistry$EvictionTask [Eureka-EvictionTimer] Running the evict task with compensationTime 0ms
2022-11-18 15:14:10,588 INFO com.netflix.eureka.registry.AbstractInstanceRegistry$EvictionTask [Eureka-EvictionTimer] Running the evict task with compensationTime 0ms
2022-11-18 15:15:10,588 INFO com.netflix.eureka.registry.AbstractInstanceRegistry$EvictionTask [Eureka-EvictionTimer] Running the evict task with compensationTime 0ms
2022-11-18 15:16:10,386 WARN com.netflix.eureka.cluster.PeerEurekaNodes [Eureka-PeerNodesUpdater] The replica size seems to be empty. Check the route 53 DNS Registry
2022-11-18 15:16:10,589 INFO com.netflix.eureka.registry.AbstractInstanceRegistry$EvictionTask [Eureka-EvictionTimer] Running the evict task with compensationTime 1ms
2022-11-18 15:17:10,591 INFO com.netflix.eureka.registry.AbstractInstanceRegistry$EvictionTask [Eureka-EvictionTimer] Running the evict task with compensationTime 1ms
2022-11-18 15:18:10,592 INFO com.netflix.eureka.registry.AbstractInstanceRegistry$EvictionTask [Eureka-EvictionTimer] Running the evict task with compensationTime 1ms
2022-11-18 15:19:10,593 INFO com.netflix.eureka.registry.AbstractInstanceRegistry$EvictionTask [Eureka-EvictionTimer] Running the evict task with compensationTime 1ms
2022-11-18 15:20:10,593 INFO com.netflix.eureka.registry.AbstractInstanceRegistry$EvictionTask [Eureka-EvictionTimer] Running the evict task with compensationTime 0ms
2022-11-18 15:21:10,593 INFO com.netflix.eureka.registry.AbstractInstanceRegistry$EvictionTask [Eureka-EvictionTimer] Running the evict task with compensationTime 0ms
2022-11-18 15:22:10,593 INFO com.netflix.eureka.registry.AbstractInstanceRegistry$EvictionTask [Eureka-EvictionTimer] Running the evict task with compensationTime 0ms
2022-11-18 15:22:15,376 INFO com.netflix.eureka.registry.AbstractInstanceRegistry [http-nio-8761-exec-9] Registered instance FLATTENPDF-API-SERVICE/Fakruddin:FLATTENPDF-API-SERVICE:8082 with status UP (replication=false)
2022-11-18 15:22:15,469 INFO com.netflix.eureka.registry.AbstractInstanceRegistry [http-nio-8761-exec-3] Registered instance FLATTENPDF-API-SERVICE/Fakruddin:FLATTENPDF-API-SERVICE:8082 with status DOWN (replication=false)
2022-11-18 15:22:18,503 INFO com.netflix.eureka.registry.AbstractInstanceRegistry [http-nio-8761-exec-6] Cancelled instance FLATTENPDF-API-SERVICE/Fakruddin:FLATTENPDF-API-SERVICE:8082 (replication=false)
2022-11-18 15:22:31,339 WARN com.netflix.eureka.registry.AbstractInstanceRegistry [http-nio-8761-exec-8] DS: Registry: lease doesn't exist, registering resource: FLATTENPDF-API-SERVICE - Fakruddin:FLATTENPDF-API-SERVICE:8082
2022-11-18 15:22:31,341 WARN com.netflix.eureka.resources.InstanceResource [http-nio-8761-exec-8] Not Found (Renew): FLATTENPDF-API-SERVICE - Fakruddin:FLATTENPDF-API-SERVICE:8082
2022-11-18 15:22:31,349 INFO com.netflix.eureka.registry.AbstractInstanceRegistry [http-nio-8761-exec-1] Registered instance FLATTENPDF-API-SERVICE/Fakruddin:FLATTENPDF-API-SERVICE:8082 with status UP (replication=false)
2022-11-18 15:23:10,593 INFO com.netflix.eureka.registry.AbstractInstanceRegistry$EvictionTask [Eureka-EvictionTimer] Running the evict task with compensationTime 0ms
2022-11-18 15:24:10,593 INFO com.netflix.eureka.registry.AbstractInstanceRegistry$EvictionTask [Eureka-EvictionTimer] Running the evict task with compensationTime 0ms
2022-11-18 15:25:06,875 INFO com.netflix.eureka.registry.AbstractInstanceRegistry [http-nio-8761-exec-6] Registered instance FLATTENPDF-API-SERVICE/Fakruddin:FLATTENPDF-API-SERVICE:8082 with status UP (replication=false)
2022-11-18 15:25:06,977 INFO com.netflix.eureka.registry.AbstractInstanceRegistry [http-nio-8761-exec-4] Registered instance FLATTENPDF-API-SERVICE/Fakruddin:FLATTENPDF-API-SERVICE:8082 with status DOWN (replication=false)
2022-11-18 15:25:10,013 INFO com.netflix.eureka.registry.AbstractInstanceRegistry [http-nio-8761-exec-10] Cancelled instance FLATTENPDF-API-SERVICE/Fakruddin:FLATTENPDF-API-SERVICE:8082 (replication=false)
2022-11-18 15:25:10,593 INFO com.netflix.eureka.registry.AbstractInstanceRegistry$EvictionTask [Eureka-EvictionTimer] Running the evict task with compensationTime 0ms
2022-11-18 15:25:31,417 WARN com.netflix.eureka.registry.AbstractInstanceRegistry [http-nio-8761-exec-6] DS: Registry: lease doesn't exist, registering resource: FLATTENPDF-API-SERVICE - Fakruddin:FLATTENPDF-API-SERVICE:8082
2022-11-18 15:25:31,417 WARN com.netflix.eureka.resources.InstanceResource [http-nio-8761-exec-6] Not Found (Renew): FLATTENPDF-API-SERVICE - Fakruddin:FLATTENPDF-API-SERVICE:8082
2022-11-18 15:25:31,422 INFO com.netflix.eureka.registry.AbstractInstanceRegistry [http-nio-8761-exec-4] Registered instance FLATTENPDF-API-SERVICE/Fakruddin:FLATTENPDF-API-SERVICE:8082 with status UP (replication=false)
2022-11-18 15:26:10,380 INFO com.netflix.eureka.registry.PeerAwareInstanceRegistryImpl [ReplicaAwareInstanceRegistry - RenewalThresholdUpdater] Current renewal threshold is : 0
2022-11-18 15:26:10,388 WARN com.netflix.eureka.cluster.PeerEurekaNodes [Eureka-PeerNodesUpdater] The replica size seems to be empty. Check the route 53 DNS Registry
2022-11-18 15:26:10,594 INFO com.netflix.eureka.registry.AbstractInstanceRegistry$EvictionTask [Eureka-EvictionTimer] Running the evict task with compensationTime 0ms
2022-11-18 15:27:10,594 INFO com.netflix.eureka.registry.AbstractInstanceRegistry$EvictionTask [Eureka-EvictionTimer] Running the evict task with compensationTime 0ms
2022-11-18 15:28:10,594 INFO com.netflix.eureka.registry.AbstractInstanceRegistry$EvictionTask [Eureka-EvictionTimer] Running the evict task with compensationTime 0ms
2022-11-18 15:29:10,595 INFO com.netflix.eureka.registry.AbstractInstanceRegistry$EvictionTask [Eureka-EvictionTimer] Running the evict task with compensationTime 0ms
2022-11-18 15:30:10,595 INFO com.netflix.eureka.registry.AbstractInstanceRegistry$EvictionTask [Eureka-EvictionTimer] Running the evict task with compensationTime 0ms
2022-11-18 15:31:10,596 INFO com.netflix.eureka.registry.AbstractInstanceRegistry$EvictionTask [Eureka-EvictionTimer] Running the evict task with compensationTime 0ms
2022-11-18 15:32:10,597 INFO com.netflix.eureka.registry.AbstractInstanceRegistry$EvictionTask [Eureka-EvictionTimer] Running the evict task with compensationTime 1ms
2022-11-18 15:32:22,522 INFO org.springframework.boot.admin.SpringApplicationAdminMXBeanRegistrar$SpringApplicationAdmin [RMI TCP Connection(107)-127.0.0.1] Application shutdown requested.
2022-11-18 15:32:22,524 INFO org.springframework.cloud.netflix.eureka.serviceregistry.EurekaServiceRegistry [RMI TCP Connection(107)-127.0.0.1] Unregistering application UNKNOWN with eureka with status DOWN
2022-11-18 15:32:22,543 INFO org.apache.juli.logging.DirectJDKLog [RMI TCP Connection(107)-127.0.0.1] Pausing ProtocolHandler ["http-nio-8761"]
2022-11-18 15:32:22,543 INFO org.apache.juli.logging.DirectJDKLog [RMI TCP Connection(107)-127.0.0.1] Stopping service [Tomcat]
2022-11-18 15:32:22,546 INFO org.apache.juli.logging.DirectJDKLog [RMI TCP Connection(107)-127.0.0.1] Destroying Spring FrameworkServlet 'dispatcherServlet'
2022-11-18 15:32:22,555 INFO org.apache.juli.logging.DirectJDKLog [RMI TCP Connection(107)-127.0.0.1] Stopping ProtocolHandler ["http-nio-8761"]
2022-11-18 15:32:22,558 INFO org.apache.juli.logging.DirectJDKLog [RMI TCP Connection(107)-127.0.0.1] Destroying ProtocolHandler ["http-nio-8761"]
2022-11-18 15:32:22,559 INFO org.springframework.cloud.netflix.eureka.server.EurekaServerBootstrap [RMI TCP Connection(107)-127.0.0.1] Shutting down Eureka Server..
2022-11-18 15:32:22,566 INFO com.netflix.eureka.DefaultEurekaServerContext [RMI TCP Connection(107)-127.0.0.1] Shutting down ...
2022-11-18 15:32:22,577 INFO com.netflix.eureka.DefaultEurekaServerContext [RMI TCP Connection(107)-127.0.0.1] Shut down
2022-11-18 15:32:22,577 INFO org.springframework.cloud.netflix.eureka.server.EurekaServerBootstrap [RMI TCP Connection(107)-127.0.0.1] Eureka Service is now shutdown...
2022-11-18 15:32:22,578 INFO com.netflix.eureka.DefaultEurekaServerContext [RMI TCP Connection(107)-127.0.0.1] Shutting down ...
2022-11-18 15:32:22,584 INFO com.netflix.eureka.DefaultEurekaServerContext [RMI TCP Connection(107)-127.0.0.1] Shut down
2022-11-18 15:32:22,591 INFO com.netflix.discovery.DiscoveryClient [RMI TCP Connection(107)-127.0.0.1] Shutting down DiscoveryClient ...
2022-11-18 15:32:22,592 INFO com.netflix.discovery.DiscoveryClient [RMI TCP Connection(107)-127.0.0.1] Completed shut down of DiscoveryClient
2022-11-18 18:57:49,197 INFO org.springframework.boot.StartupInfoLogger [main] Starting SpringEurekaRegistryApplication using Java 17.0.4.1 on Fakruddin with PID 22876 (C:\Users\BabaFakruddinDharuba\git\BackEndTaskRepo\flattenpdf-eureka-registry\target\classes started by BabaFakruddinDharuba in C:\Users\BabaFakruddinDharuba\git\BackEndTaskRepo\flattenpdf-eureka-registry)
2022-11-18 18:57:49,201 DEBUG org.springframework.boot.StartupInfoLogger [main] Running with Spring Boot v2.6.13, Spring v5.3.23
2022-11-18 18:57:49,201 INFO org.springframework.boot.SpringApplication [main] No active profile set, falling back to 1 default profile: "default"
2022-11-18 18:57:50,403 INFO org.springframework.cloud.context.scope.GenericScope [main] BeanFactory id=ff5f53cb-9cc0-39ed-962d-1b18b49452e2
2022-11-18 18:57:50,779 INFO org.springframework.boot.web.embedded.tomcat.TomcatWebServer [main] Tomcat initialized with port(s): 8761 (http)
2022-11-18 18:57:50,788 INFO org.apache.juli.logging.DirectJDKLog [main] Initializing ProtocolHandler ["http-nio-8761"]
2022-11-18 18:57:50,789 INFO org.apache.juli.logging.DirectJDKLog [main] Starting service [Tomcat]
2022-11-18 18:57:50,789 INFO org.apache.juli.logging.DirectJDKLog [main] Starting Servlet engine: [Apache Tomcat/9.0.68]
2022-11-18 18:57:50,971 INFO org.apache.juli.logging.DirectJDKLog [main] Initializing Spring embedded WebApplicationContext
2022-11-18 18:57:50,972 INFO org.springframework.boot.web.servlet.context.ServletWebServerApplicationContext [main] Root WebApplicationContext: initialization completed in 1693 ms
2022-11-18 18:57:51,472 INFO com.sun.jersey.server.impl.application.WebApplicationImpl [main] Initiating Jersey application, version 'Jersey: 1.19.4 05/24/2017 03:20 PM'
2022-11-18 18:57:51,544 INFO com.netflix.discovery.provider.DiscoveryJerseyProvider [main] Using JSON encoding codec LegacyJacksonJson
2022-11-18 18:57:51,546 INFO com.netflix.discovery.provider.DiscoveryJerseyProvider [main] Using JSON decoding codec LegacyJacksonJson
2022-11-18 18:57:51,745 INFO com.netflix.discovery.provider.DiscoveryJerseyProvider [main] Using XML encoding codec XStreamXml
2022-11-18 18:57:51,746 INFO com.netflix.discovery.provider.DiscoveryJerseyProvider [main] Using XML decoding codec XStreamXml
2022-11-18 18:57:53,276 INFO org.springframework.cloud.netflix.eureka.config.DiscoveryClientOptionalArgsConfiguration [main] Eureka HTTP Client uses Jersey
2022-11-18 18:57:53,340 WARN org.springframework.cloud.loadbalancer.config.LoadBalancerCacheAutoConfiguration$LoadBalancerCaffeineWarnLogger [main] Spring Cloud LoadBalancer is currently working with the default cache. While this cache implementation is useful for development and tests, it's recommended to use Caffeine cache in production.You can switch to using Caffeine cache, by adding it and org.springframework.cache.caffeine.CaffeineCacheManager to the classpath.
2022-11-18 18:57:53,362 INFO org.springframework.cloud.netflix.eureka.InstanceInfoFactory [main] Setting initial instance status as: STARTING
2022-11-18 18:57:53,394 INFO com.netflix.discovery.DiscoveryClient [main] Initializing Eureka in region us-east-1
2022-11-18 18:57:53,395 INFO com.netflix.discovery.DiscoveryClient [main] Client configured to neither register nor query for data.
2022-11-18 18:57:53,406 INFO com.netflix.discovery.DiscoveryClient [main] Discovery Client initialized at timestamp 1668778073404 with initial instances count: 0
2022-11-18 18:57:53,443 INFO com.netflix.eureka.DefaultEurekaServerContext [main] Initializing ...
2022-11-18 18:57:53,445 WARN com.netflix.eureka.cluster.PeerEurekaNodes [main] The replica size seems to be empty. Check the route 53 DNS Registry
2022-11-18 18:57:53,461 INFO com.netflix.eureka.registry.AbstractInstanceRegistry [main] Finished initializing remote region registries. All known remote regions: []
2022-11-18 18:57:53,463 INFO com.netflix.eureka.DefaultEurekaServerContext [main] Initialized
2022-11-18 18:57:53,473 INFO org.springframework.boot.actuate.endpoint.web.EndpointLinksResolver [main] Exposing 1 endpoint(s) beneath base path '/actuator'
2022-11-18 18:57:53,555 INFO org.springframework.cloud.netflix.eureka.serviceregistry.EurekaServiceRegistry [main] Registering application UNKNOWN with eureka with status UP
2022-11-18 18:57:53,559 INFO org.apache.juli.logging.DirectJDKLog [main] Starting ProtocolHandler ["http-nio-8761"]
2022-11-18 18:57:53,572 INFO org.springframework.cloud.netflix.eureka.server.EurekaServerBootstrap [Thread-9] isAws returned false
2022-11-18 18:57:53,573 INFO org.springframework.cloud.netflix.eureka.server.EurekaServerBootstrap [Thread-9] Initialized server context
2022-11-18 18:57:53,573 INFO com.netflix.eureka.registry.PeerAwareInstanceRegistryImpl [Thread-9] Got 1 instances from neighboring DS node
2022-11-18 18:57:53,574 INFO com.netflix.eureka.registry.PeerAwareInstanceRegistryImpl [Thread-9] Renew threshold is: 1
2022-11-18 18:57:53,574 INFO com.netflix.eureka.registry.PeerAwareInstanceRegistryImpl [Thread-9] Changing status to UP
2022-11-18 18:57:53,583 INFO org.springframework.cloud.netflix.eureka.server.EurekaServerInitializerConfiguration [Thread-9] Started Eureka Server
2022-11-18 18:57:53,592 INFO org.springframework.boot.web.embedded.tomcat.TomcatWebServer [main] Tomcat started on port(s): 8761 (http) with context path ''
2022-11-18 18:57:53,594 INFO org.springframework.cloud.netflix.eureka.serviceregistry.EurekaAutoServiceRegistration [main] Updating port to 8761
2022-11-18 18:57:53,736 INFO org.springframework.boot.StartupInfoLogger [main] Started SpringEurekaRegistryApplication in 5.492 seconds (JVM running for 6.474)
2022-11-18 18:57:54,763 INFO org.apache.juli.logging.DirectJDKLog [RMI TCP Connection(9)-127.0.0.1] Initializing Spring DispatcherServlet 'dispatcherServlet'
2022-11-18 18:57:54,764 INFO org.springframework.web.servlet.FrameworkServlet [RMI TCP Connection(9)-127.0.0.1] Initializing Servlet 'dispatcherServlet'
2022-11-18 18:57:54,765 INFO org.springframework.web.servlet.FrameworkServlet [RMI TCP Connection(9)-127.0.0.1] Completed initialization in 1 ms
2022-11-18 18:58:06,184 INFO com.netflix.eureka.registry.AbstractInstanceRegistry [http-nio-8761-exec-1] Registered instance FLATTENPDF-CONFIG-SERVER/Fakruddin:FLATTENPDF-CONFIG-SERVER:8888 with status UP (replication=false)
2022-11-18 18:58:28,767 INFO com.netflix.eureka.registry.AbstractInstanceRegistry [http-nio-8761-exec-5] Registered instance FLATTENPDF-GATEWAY/Fakruddin:FLATTENPDF-GATEWAY:9000 with status UP (replication=false)
2022-11-18 18:58:53,575 INFO com.netflix.eureka.registry.AbstractInstanceRegistry$EvictionTask [Eureka-EvictionTimer] Running the evict task with compensationTime 0ms
2022-11-18 18:59:53,575 INFO com.netflix.eureka.registry.AbstractInstanceRegistry$EvictionTask [Eureka-EvictionTimer] Running the evict task with compensationTime 0ms
2022-11-18 19:00:49,858 INFO com.netflix.eureka.registry.AbstractInstanceRegistry [http-nio-8761-exec-5] Registered instance FLATTENPDF-API-SERVICE/Fakruddin:FLATTENPDF-API-SERVICE:8082 with status UP (replication=false)
2022-11-18 19:00:53,589 INFO com.netflix.eureka.registry.AbstractInstanceRegistry$EvictionTask [Eureka-EvictionTimer] Running the evict task with compensationTime 14ms
2022-11-18 19:01:53,589 INFO com.netflix.eureka.registry.AbstractInstanceRegistry$EvictionTask [Eureka-EvictionTimer] Running the evict task with compensationTime 0ms
2022-11-18 19:01:58,694 INFO com.netflix.eureka.registry.AbstractInstanceRegistry [http-nio-8761-exec-7] Registered instance FLATTENPDF-API-SERVICE/Fakruddin:FLATTENPDF-API-SERVICE:8082 with status DOWN (replication=false)
2022-11-18 19:02:01,545 INFO com.netflix.eureka.registry.AbstractInstanceRegistry [http-nio-8761-exec-10] Registered instance FLATTENPDF-GATEWAY/Fakruddin:FLATTENPDF-GATEWAY:9000 with status DOWN (replication=false)
2022-11-18 19:02:01,759 INFO com.netflix.eureka.registry.AbstractInstanceRegistry [http-nio-8761-exec-2] Cancelled instance FLATTENPDF-API-SERVICE/Fakruddin:FLATTENPDF-API-SERVICE:8082 (replication=false)
2022-11-18 19:02:05,915 INFO com.netflix.eureka.registry.AbstractInstanceRegistry [http-nio-8761-exec-3] Registered instance FLATTENPDF-CONFIG-SERVER/Fakruddin:FLATTENPDF-CONFIG-SERVER:8888 with status DOWN (replication=false)
2022-11-18 19:02:06,618 INFO com.netflix.eureka.registry.AbstractInstanceRegistry [http-nio-8761-exec-7] Cancelled instance FLATTENPDF-GATEWAY/Fakruddin:FLATTENPDF-GATEWAY:9000 (replication=false)
2022-11-18 19:02:08,976 INFO com.netflix.eureka.registry.AbstractInstanceRegistry [http-nio-8761-exec-10] Cancelled instance FLATTENPDF-CONFIG-SERVER/Fakruddin:FLATTENPDF-CONFIG-SERVER:8888 (replication=false)
2022-11-18 19:02:18,814 INFO org.springframework.boot.admin.SpringApplicationAdminMXBeanRegistrar$SpringApplicationAdmin [RMI TCP Connection(15)-127.0.0.1] Application shutdown requested.
2022-11-18 19:02:18,816 INFO org.springframework.cloud.netflix.eureka.serviceregistry.EurekaServiceRegistry [RMI TCP Connection(15)-127.0.0.1] Unregistering application UNKNOWN with eureka with status DOWN
2022-11-18 19:02:18,838 INFO org.apache.juli.logging.DirectJDKLog [RMI TCP Connection(15)-127.0.0.1] Pausing ProtocolHandler ["http-nio-8761"]
2022-11-18 19:02:18,838 INFO org.apache.juli.logging.DirectJDKLog [RMI TCP Connection(15)-127.0.0.1] Stopping service [Tomcat]
2022-11-18 19:02:18,839 INFO org.apache.juli.logging.DirectJDKLog [RMI TCP Connection(15)-127.0.0.1] Destroying Spring FrameworkServlet 'dispatcherServlet'
2022-11-18 19:02:18,847 INFO org.apache.juli.logging.DirectJDKLog [RMI TCP Connection(15)-127.0.0.1] Stopping ProtocolHandler ["http-nio-8761"]
2022-11-18 19:02:18,850 INFO org.apache.juli.logging.DirectJDKLog [RMI TCP Connection(15)-127.0.0.1] Destroying ProtocolHandler ["http-nio-8761"]
2022-11-18 19:02:18,852 INFO org.springframework.cloud.netflix.eureka.server.EurekaServerBootstrap [RMI TCP Connection(15)-127.0.0.1] Shutting down Eureka Server..
2022-11-18 19:02:18,857 INFO com.netflix.eureka.DefaultEurekaServerContext [RMI TCP Connection(15)-127.0.0.1] Shutting down ...
2022-11-18 19:02:18,872 INFO com.netflix.eureka.DefaultEurekaServerContext [RMI TCP Connection(15)-127.0.0.1] Shut down
2022-11-18 19:02:18,872 INFO org.springframework.cloud.netflix.eureka.server.EurekaServerBootstrap [RMI TCP Connection(15)-127.0.0.1] Eureka Service is now shutdown...
2022-11-18 19:02:18,873 INFO com.netflix.eureka.DefaultEurekaServerContext [RMI TCP Connection(15)-127.0.0.1] Shutting down ...
2022-11-18 19:02:18,879 INFO com.netflix.eureka.DefaultEurekaServerContext [RMI TCP Connection(15)-127.0.0.1] Shut down
2022-11-18 19:02:18,889 INFO com.netflix.discovery.DiscoveryClient [RMI TCP Connection(15)-127.0.0.1] Shutting down DiscoveryClient ...
2022-11-18 19:02:18,890 INFO com.netflix.discovery.DiscoveryClient [RMI TCP Connection(15)-127.0.0.1] Completed shut down of DiscoveryClient
2022-11-18 19:03:25,912 INFO org.springframework.boot.StartupInfoLogger [main] Starting SpringEurekaRegistryApplication using Java 17.0.4.1 on Fakruddin with PID 26736 (C:\Users\BabaFakruddinDharuba\git\BackEndTaskRepo\flattenpdf-eureka-registry\target\classes started by BabaFakruddinDharuba in C:\Users\BabaFakruddinDharuba\git\BackEndTaskRepo\flattenpdf-eureka-registry)
2022-11-18 19:03:25,916 DEBUG org.springframework.boot.StartupInfoLogger [main] Running with Spring Boot v2.6.13, Spring v5.3.23
2022-11-18 19:03:25,917 INFO org.springframework.boot.SpringApplication [main] No active profile set, falling back to 1 default profile: "default"
2022-11-18 19:03:27,158 INFO org.springframework.cloud.context.scope.GenericScope [main] BeanFactory id=ff5f53cb-9cc0-39ed-962d-1b18b49452e2
2022-11-18 19:03:27,493 INFO org.springframework.boot.web.embedded.tomcat.TomcatWebServer [main] Tomcat initialized with port(s): 8761 (http)
2022-11-18 19:03:27,504 INFO org.apache.juli.logging.DirectJDKLog [main] Initializing ProtocolHandler ["http-nio-8761"]
2022-11-18 19:03:27,504 INFO org.apache.juli.logging.DirectJDKLog [main] Starting service [Tomcat]
2022-11-18 19:03:27,505 INFO org.apache.juli.logging.DirectJDKLog [main] Starting Servlet engine: [Apache Tomcat/9.0.68]
2022-11-18 19:03:27,688 INFO org.apache.juli.logging.DirectJDKLog [main] Initializing Spring embedded WebApplicationContext
2022-11-18 19:03:27,688 INFO org.springframework.boot.web.servlet.context.ServletWebServerApplicationContext [main] Root WebApplicationContext: initialization completed in 1683 ms
2022-11-18 19:03:28,225 INFO com.sun.jersey.server.impl.application.WebApplicationImpl [main] Initiating Jersey application, version 'Jersey: 1.19.4 05/24/2017 03:20 PM'
2022-11-18 19:03:28,309 INFO com.netflix.discovery.provider.DiscoveryJerseyProvider [main] Using JSON encoding codec LegacyJacksonJson
2022-11-18 19:03:28,312 INFO com.netflix.discovery.provider.DiscoveryJerseyProvider [main] Using JSON decoding codec LegacyJacksonJson
2022-11-18 19:03:28,501 INFO com.netflix.discovery.provider.DiscoveryJerseyProvider [main] Using XML encoding codec XStreamXml
2022-11-18 19:03:28,502 INFO com.netflix.discovery.provider.DiscoveryJerseyProvider [main] Using XML decoding codec XStreamXml
2022-11-18 19:03:30,060 INFO org.springframework.cloud.netflix.eureka.config.DiscoveryClientOptionalArgsConfiguration [main] Eureka HTTP Client uses Jersey
2022-11-18 19:03:30,135 WARN org.springframework.cloud.loadbalancer.config.LoadBalancerCacheAutoConfiguration$LoadBalancerCaffeineWarnLogger [main] Spring Cloud LoadBalancer is currently working with the default cache. While this cache implementation is useful for development and tests, it's recommended to use Caffeine cache in production.You can switch to using Caffeine cache, by adding it and org.springframework.cache.caffeine.CaffeineCacheManager to the classpath.
2022-11-18 19:03:30,155 INFO org.springframework.cloud.netflix.eureka.InstanceInfoFactory [main] Setting initial instance status as: STARTING
2022-11-18 19:03:30,191 INFO com.netflix.discovery.DiscoveryClient [main] Initializing Eureka in region us-east-1
2022-11-18 19:03:30,192 INFO com.netflix.discovery.DiscoveryClient [main] Client configured to neither register nor query for data.
2022-11-18 19:03:30,202 INFO com.netflix.discovery.DiscoveryClient [main] Discovery Client initialized at timestamp 1668778410201 with initial instances count: 0
2022-11-18 19:03:30,246 INFO com.netflix.eureka.DefaultEurekaServerContext [main] Initializing ...
2022-11-18 19:03:30,250 WARN com.netflix.eureka.cluster.PeerEurekaNodes [main] The replica size seems to be empty. Check the route 53 DNS Registry
2022-11-18 19:03:30,272 INFO com.netflix.eureka.registry.AbstractInstanceRegistry [main] Finished initializing remote region registries. All known remote regions: []
2022-11-18 19:03:30,274 INFO com.netflix.eureka.DefaultEurekaServerContext [main] Initialized
2022-11-18 19:03:30,282 INFO org.springframework.boot.actuate.endpoint.web.EndpointLinksResolver [main] Exposing 1 endpoint(s) beneath base path '/actuator'
2022-11-18 19:03:30,344 INFO org.springframework.cloud.netflix.eureka.serviceregistry.EurekaServiceRegistry [main] Registering application UNKNOWN with eureka with status UP
2022-11-18 19:03:30,347 INFO org.apache.juli.logging.DirectJDKLog [main] Starting ProtocolHandler ["http-nio-8761"]
2022-11-18 19:03:30,361 INFO org.springframework.cloud.netflix.eureka.server.EurekaServerBootstrap [Thread-9] isAws returned false
2022-11-18 19:03:30,362 INFO org.springframework.cloud.netflix.eureka.server.EurekaServerBootstrap [Thread-9] Initialized server context
2022-11-18 19:03:30,362 INFO com.netflix.eureka.registry.PeerAwareInstanceRegistryImpl [Thread-9] Got 1 instances from neighboring DS node
2022-11-18 19:03:30,362 INFO com.netflix.eureka.registry.PeerAwareInstanceRegistryImpl [Thread-9] Renew threshold is: 1
2022-11-18 19:03:30,362 INFO com.netflix.eureka.registry.PeerAwareInstanceRegistryImpl [Thread-9] Changing status to UP
2022-11-18 19:03:30,371 INFO org.springframework.cloud.netflix.eureka.server.EurekaServerInitializerConfiguration [Thread-9] Started Eureka Server
2022-11-18 19:03:30,378 INFO org.springframework.boot.web.embedded.tomcat.TomcatWebServer [main] Tomcat started on port(s): 8761 (http) with context path ''
2022-11-18 19:03:30,379 INFO org.springframework.cloud.netflix.eureka.serviceregistry.EurekaAutoServiceRegistration [main] Updating port to 8761
2022-11-18 19:03:30,532 INFO org.springframework.boot.StartupInfoLogger [main] Started SpringEurekaRegistryApplication in 5.542 seconds (JVM running for 6.621)
2022-11-18 19:03:31,371 INFO org.apache.juli.logging.DirectJDKLog [RMI TCP Connection(9)-127.0.0.1] Initializing Spring DispatcherServlet 'dispatcherServlet'
2022-11-18 19:03:31,371 INFO org.springframework.web.servlet.FrameworkServlet [RMI TCP Connection(9)-127.0.0.1] Initializing Servlet 'dispatcherServlet'
2022-11-18 19:03:31,373 INFO org.springframework.web.servlet.FrameworkServlet [RMI TCP Connection(9)-127.0.0.1] Completed initialization in 1 ms
2022-11-18 19:03:39,755 INFO com.netflix.eureka.registry.AbstractInstanceRegistry [http-nio-8761-exec-2] Registered instance FLATTENPDF-CONFIG-SERVER/Fakruddin:FLATTENPDF-CONFIG-SERVER:8888 with status UP (replication=false)
2022-11-18 19:03:54,779 INFO com.netflix.eureka.registry.AbstractInstanceRegistry [http-nio-8761-exec-4] Registered instance FLATTENPDF-API-SERVICE/Fakruddin:FLATTENPDF-API-SERVICE:8082 with status UP (replication=false)
2022-11-18 19:04:00,508 INFO com.netflix.eureka.registry.AbstractInstanceRegistry [http-nio-8761-exec-6] Registered instance FLATTENPDF-GATEWAY/Fakruddin:FLATTENPDF-GATEWAY:9000 with status UP (replication=false)
2022-11-18 19:04:24,473 INFO com.netflix.eureka.registry.AbstractInstanceRegistry [http-nio-8761-exec-10] Registered instance FLATTENPDF-API-SERVICE/Fakruddin:FLATTENPDF-API-SERVICE:8082 with status UP (replication=false)
2022-11-18 19:04:24,586 INFO com.netflix.eureka.registry.AbstractInstanceRegistry [http-nio-8761-exec-1] Registered instance FLATTENPDF-API-SERVICE/Fakruddin:FLATTENPDF-API-SERVICE:8082 with status DOWN (replication=false)
2022-11-18 19:04:27,629 INFO com.netflix.eureka.registry.AbstractInstanceRegistry [http-nio-8761-exec-4] Cancelled instance FLATTENPDF-API-SERVICE/Fakruddin:FLATTENPDF-API-SERVICE:8082 (replication=false)
2022-11-18 19:04:30,364 INFO com.netflix.eureka.registry.AbstractInstanceRegistry$EvictionTask [Eureka-EvictionTimer] Running the evict task with compensationTime 0ms
2022-11-18 19:04:54,747 WARN com.netflix.eureka.registry.AbstractInstanceRegistry [http-nio-8761-exec-1] DS: Registry: lease doesn't exist, registering resource: FLATTENPDF-API-SERVICE - Fakruddin:FLATTENPDF-API-SERVICE:8082
2022-11-18 19:04:54,748 WARN com.netflix.eureka.resources.InstanceResource [http-nio-8761-exec-1] Not Found (Renew): FLATTENPDF-API-SERVICE - Fakruddin:FLATTENPDF-API-SERVICE:8082
2022-11-18 19:04:54,766 INFO com.netflix.eureka.registry.AbstractInstanceRegistry [http-nio-8761-exec-3] Registered instance FLATTENPDF-API-SERVICE/Fakruddin:FLATTENPDF-API-SERVICE:8082 with status UP (replication=false)
2022-11-18 19:05:01,345 INFO com.netflix.eureka.registry.AbstractInstanceRegistry [http-nio-8761-exec-6] Registered instance FLATTENPDF-API-SERVICE/Fakruddin:FLATTENPDF-API-SERVICE:8082 with status DOWN (replication=false)
2022-11-18 19:05:04,402 INFO com.netflix.eureka.registry.AbstractInstanceRegistry [http-nio-8761-exec-7] Cancelled instance FLATTENPDF-API-SERVICE/Fakruddin:FLATTENPDF-API-SERVICE:8082 (replication=false)
2022-11-18 19:05:05,515 INFO com.netflix.eureka.registry.AbstractInstanceRegistry [http-nio-8761-exec-10] Registered instance FLATTENPDF-GATEWAY/Fakruddin:FLATTENPDF-GATEWAY:9000 with status DOWN (replication=false)
2022-11-18 19:05:08,524 INFO com.netflix.eureka.registry.AbstractInstanceRegistry [http-nio-8761-exec-2] Registered instance FLATTENPDF-CONFIG-SERVER/Fakruddin:FLATTENPDF-CONFIG-SERVER:8888 with status DOWN (replication=false)
2022-11-18 19:05:10,585 INFO com.netflix.eureka.registry.AbstractInstanceRegistry [http-nio-8761-exec-4] Cancelled instance FLATTENPDF-GATEWAY/Fakruddin:FLATTENPDF-GATEWAY:9000 (replication=false)
2022-11-18 19:05:11,566 INFO com.netflix.eureka.registry.AbstractInstanceRegistry [http-nio-8761-exec-7] Cancelled instance FLATTENPDF-CONFIG-SERVER/Fakruddin:FLATTENPDF-CONFIG-SERVER:8888 (replication=false)
2022-11-18 19:05:15,085 INFO org.springframework.boot.admin.SpringApplicationAdminMXBeanRegistrar$SpringApplicationAdmin [RMI TCP Connection(12)-127.0.0.1] Application shutdown requested.
2022-11-18 19:05:15,087 INFO org.springframework.cloud.netflix.eureka.serviceregistry.EurekaServiceRegistry [RMI TCP Connection(12)-127.0.0.1] Unregistering application UNKNOWN with eureka with status DOWN
2022-11-18 19:05:15,107 INFO org.apache.juli.logging.DirectJDKLog [RMI TCP Connection(12)-127.0.0.1] Pausing ProtocolHandler ["http-nio-8761"]
2022-11-18 19:05:15,108 INFO org.apache.juli.logging.DirectJDKLog [RMI TCP Connection(12)-127.0.0.1] Stopping service [Tomcat]
2022-11-18 19:05:15,109 INFO org.apache.juli.logging.DirectJDKLog [RMI TCP Connection(12)-127.0.0.1] Destroying Spring FrameworkServlet 'dispatcherServlet'
2022-11-18 19:05:15,116 INFO org.apache.juli.logging.DirectJDKLog [RMI TCP Connection(12)-127.0.0.1] Stopping ProtocolHandler ["http-nio-8761"]
2022-11-18 19:05:15,119 INFO org.apache.juli.logging.DirectJDKLog [RMI TCP Connection(12)-127.0.0.1] Destroying ProtocolHandler ["http-nio-8761"]
2022-11-18 19:05:15,120 INFO org.springframework.cloud.netflix.eureka.server.EurekaServerBootstrap [RMI TCP Connection(12)-127.0.0.1] Shutting down Eureka Server..
2022-11-18 19:05:15,127 INFO com.netflix.eureka.DefaultEurekaServerContext [RMI TCP Connection(12)-127.0.0.1] Shutting down ...
2022-11-18 19:05:15,141 INFO com.netflix.eureka.DefaultEurekaServerContext [RMI TCP Connection(12)-127.0.0.1] Shut down
2022-11-18 19:05:15,141 INFO org.springframework.cloud.netflix.eureka.server.EurekaServerBootstrap [RMI TCP Connection(12)-127.0.0.1] Eureka Service is now shutdown...
2022-11-18 19:05:15,142 INFO com.netflix.eureka.DefaultEurekaServerContext [RMI TCP Connection(12)-127.0.0.1] Shutting down ...
2022-11-18 19:05:15,150 INFO com.netflix.eureka.DefaultEurekaServerContext [RMI TCP Connection(12)-127.0.0.1] Shut down
2022-11-18 19:05:15,161 INFO com.netflix.discovery.DiscoveryClient [RMI TCP Connection(12)-127.0.0.1] Shutting down DiscoveryClient ...
2022-11-18 19:05:15,163 INFO com.netflix.discovery.DiscoveryClient [RMI TCP Connection(12)-127.0.0.1] Completed shut down of DiscoveryClient
2022-11-18 19:06:30,464 INFO org.springframework.boot.StartupInfoLogger [main] Starting SpringEurekaRegistryApplication using Java 17.0.4.1 on Fakruddin with PID 25504 (C:\Users\BabaFakruddinDharuba\git\BackEndTaskRepo\flattenpdf-eureka-registry\target\classes started by BabaFakruddinDharuba in C:\Users\BabaFakruddinDharuba\git\BackEndTaskRepo\flattenpdf-eureka-registry)
2022-11-18 19:06:30,468 DEBUG org.springframework.boot.StartupInfoLogger [main] Running with Spring Boot v2.6.13, Spring v5.3.23
2022-11-18 19:06:30,468 INFO org.springframework.boot.SpringApplication [main] No active profile set, falling back to 1 default profile: "default"
2022-11-18 19:06:31,746 INFO org.springframework.cloud.context.scope.GenericScope [main] BeanFactory id=ff5f53cb-9cc0-39ed-962d-1b18b49452e2
2022-11-18 19:06:32,102 INFO org.springframework.boot.web.embedded.tomcat.TomcatWebServer [main] Tomcat initialized with port(s): 8761 (http)
2022-11-18 19:06:32,112 INFO org.apache.juli.logging.DirectJDKLog [main] Initializing ProtocolHandler ["http-nio-8761"]
2022-11-18 19:06:32,112 INFO org.apache.juli.logging.DirectJDKLog [main] Starting service [Tomcat]
2022-11-18 19:06:32,113 INFO org.apache.juli.logging.DirectJDKLog [main] Starting Servlet engine: [Apache Tomcat/9.0.68]
2022-11-18 19:06:32,292 INFO org.apache.juli.logging.DirectJDKLog [main] Initializing Spring embedded WebApplicationContext
2022-11-18 19:06:32,293 INFO org.springframework.boot.web.servlet.context.ServletWebServerApplicationContext [main] Root WebApplicationContext: initialization completed in 1742 ms
2022-11-18 19:06:32,845 INFO com.sun.jersey.server.impl.application.WebApplicationImpl [main] Initiating Jersey application, version 'Jersey: 1.19.4 05/24/2017 03:20 PM'
2022-11-18 19:06:32,955 INFO com.netflix.discovery.provider.DiscoveryJerseyProvider [main] Using JSON encoding codec LegacyJacksonJson
2022-11-18 19:06:32,958 INFO com.netflix.discovery.provider.DiscoveryJerseyProvider [main] Using JSON decoding codec LegacyJacksonJson
2022-11-18 19:06:33,146 INFO com.netflix.discovery.provider.DiscoveryJerseyProvider [main] Using XML encoding codec XStreamXml
2022-11-18 19:06:33,148 INFO com.netflix.discovery.provider.DiscoveryJerseyProvider [main] Using XML decoding codec XStreamXml
2022-11-18 19:06:34,624 INFO org.springframework.cloud.netflix.eureka.config.DiscoveryClientOptionalArgsConfiguration [main] Eureka HTTP Client uses Jersey
2022-11-18 19:06:34,700 WARN org.springframework.cloud.loadbalancer.config.LoadBalancerCacheAutoConfiguration$LoadBalancerCaffeineWarnLogger [main] Spring Cloud LoadBalancer is currently working with the default cache. While this cache implementation is useful for development and tests, it's recommended to use Caffeine cache in production.You can switch to using Caffeine cache, by adding it and org.springframework.cache.caffeine.CaffeineCacheManager to the classpath.
2022-11-18 19:06:34,740 INFO org.springframework.cloud.netflix.eureka.InstanceInfoFactory [main] Setting initial instance status as: STARTING
2022-11-18 19:06:34,774 INFO com.netflix.discovery.DiscoveryClient [main] Initializing Eureka in region us-east-1
2022-11-18 19:06:34,774 INFO com.netflix.discovery.DiscoveryClient [main] Client configured to neither register nor query for data.
2022-11-18 19:06:34,784 INFO com.netflix.discovery.DiscoveryClient [main] Discovery Client initialized at timestamp 1668778594783 with initial instances count: 0
2022-11-18 19:06:34,824 INFO com.netflix.eureka.DefaultEurekaServerContext [main] Initializing ...
2022-11-18 19:06:34,826 WARN com.netflix.eureka.cluster.PeerEurekaNodes [main] The replica size seems to be empty. Check the route 53 DNS Registry
2022-11-18 19:06:34,845 INFO com.netflix.eureka.registry.AbstractInstanceRegistry [main] Finished initializing remote region registries. All known remote regions: []
2022-11-18 19:06:34,847 INFO com.netflix.eureka.DefaultEurekaServerContext [main] Initialized
2022-11-18 19:06:34,860 INFO org.springframework.boot.actuate.endpoint.web.EndpointLinksResolver [main] Exposing 1 endpoint(s) beneath base path '/actuator'
2022-11-18 19:06:34,921 INFO org.springframework.cloud.netflix.eureka.serviceregistry.EurekaServiceRegistry [main] Registering application UNKNOWN with eureka with status UP
2022-11-18 19:06:34,924 INFO org.apache.juli.logging.DirectJDKLog [main] Starting ProtocolHandler ["http-nio-8761"]
2022-11-18 19:06:34,933 INFO org.springframework.cloud.netflix.eureka.server.EurekaServerBootstrap [Thread-9] isAws returned false
2022-11-18 19:06:34,935 INFO org.springframework.cloud.netflix.eureka.server.EurekaServerBootstrap [Thread-9] Initialized server context
2022-11-18 19:06:34,935 INFO com.netflix.eureka.registry.PeerAwareInstanceRegistryImpl [Thread-9] Got 1 instances from neighboring DS node
2022-11-18 19:06:34,935 INFO com.netflix.eureka.registry.PeerAwareInstanceRegistryImpl [Thread-9] Renew threshold is: 1
2022-11-18 19:06:34,935 INFO com.netflix.eureka.registry.PeerAwareInstanceRegistryImpl [Thread-9] Changing status to UP
2022-11-18 19:06:34,943 INFO org.springframework.cloud.netflix.eureka.server.EurekaServerInitializerConfiguration [Thread-9] Started Eureka Server
2022-11-18 19:06:34,955 INFO org.springframework.boot.web.embedded.tomcat.TomcatWebServer [main] Tomcat started on port(s): 8761 (http) with context path ''
2022-11-18 19:06:34,956 INFO org.springframework.cloud.netflix.eureka.serviceregistry.EurekaAutoServiceRegistration [main] Updating port to 8761
2022-11-18 19:06:35,130 INFO org.springframework.boot.StartupInfoLogger [main] Started SpringEurekaRegistryApplication in 5.562 seconds (JVM running for 6.641)
2022-11-18 19:06:46,898 INFO org.apache.juli.logging.DirectJDKLog [http-nio-8761-exec-1] Initializing Spring DispatcherServlet 'dispatcherServlet'
2022-11-18 19:06:46,899 INFO org.springframework.web.servlet.FrameworkServlet [http-nio-8761-exec-1] Initializing Servlet 'dispatcherServlet'
2022-11-18 19:06:46,900 INFO org.springframework.web.servlet.FrameworkServlet [http-nio-8761-exec-1] Completed initialization in 1 ms
2022-11-18 19:06:47,145 INFO com.netflix.eureka.registry.AbstractInstanceRegistry [http-nio-8761-exec-2] Registered instance FLATTENPDF-CONFIG-SERVER/Fakruddin:FLATTENPDF-CONFIG-SERVER:8888 with status UP (replication=false)
2022-11-18 19:07:34,937 INFO com.netflix.eureka.registry.AbstractInstanceRegistry$EvictionTask [Eureka-EvictionTimer] Running the evict task with compensationTime 0ms
2022-11-18 19:08:34,937 INFO com.netflix.eureka.registry.AbstractInstanceRegistry$EvictionTask [Eureka-EvictionTimer] Running the evict task with compensationTime 0ms
2022-11-18 19:09:34,937 INFO com.netflix.eureka.registry.AbstractInstanceRegistry$EvictionTask [Eureka-EvictionTimer] Running the evict task with compensationTime 0ms
2022-11-18 19:10:34,937 INFO com.netflix.eureka.registry.AbstractInstanceRegistry$EvictionTask [Eureka-EvictionTimer] Running the evict task with compensationTime 0ms
2022-11-18 19:11:00,568 INFO com.netflix.eureka.registry.AbstractInstanceRegistry [http-nio-8761-exec-10] Registered instance FLATTENPDF-API-SERVICE/Fakruddin:FLATTENPDF-API-SERVICE:8082 with status UP (replication=false)
2022-11-18 19:11:00,769 INFO com.netflix.eureka.registry.AbstractInstanceRegistry [http-nio-8761-exec-1] Registered instance FLATTENPDF-API-SERVICE/Fakruddin:FLATTENPDF-API-SERVICE:8082 with status DOWN (replication=false)
2022-11-18 19:11:03,815 INFO com.netflix.eureka.registry.AbstractInstanceRegistry [http-nio-8761-exec-2] Cancelled instance FLATTENPDF-API-SERVICE/Fakruddin:FLATTENPDF-API-SERVICE:8082 (replication=false)
2022-11-18 19:11:34,938 INFO com.netflix.eureka.registry.AbstractInstanceRegistry$EvictionTask [Eureka-EvictionTimer] Running the evict task with compensationTime 0ms
2022-11-18 19:12:18,642 INFO com.netflix.eureka.registry.AbstractInstanceRegistry [http-nio-8761-exec-2] Registered instance FLATTENPDF-API-SERVICE/Fakruddin:FLATTENPDF-API-SERVICE:8082 with status UP (replication=false)
2022-11-18 19:12:18,845 INFO com.netflix.eureka.registry.AbstractInstanceRegistry [http-nio-8761-exec-3] Registered instance FLATTENPDF-API-SERVICE/Fakruddin:FLATTENPDF-API-SERVICE:8082 with status DOWN (replication=false)
2022-11-18 19:12:21,893 INFO com.netflix.eureka.registry.AbstractInstanceRegistry [http-nio-8761-exec-5] Cancelled instance FLATTENPDF-API-SERVICE/Fakruddin:FLATTENPDF-API-SERVICE:8082 (replication=false)
2022-11-18 19:12:34,939 INFO com.netflix.eureka.registry.AbstractInstanceRegistry$EvictionTask [Eureka-EvictionTimer] Running the evict task with compensationTime 0ms
2022-11-18 19:13:34,939 INFO com.netflix.eureka.registry.AbstractInstanceRegistry$EvictionTask [Eureka-EvictionTimer] Running the evict task with compensationTime 0ms
2022-11-18 19:14:34,940 INFO com.netflix.eureka.registry.AbstractInstanceRegistry$EvictionTask [Eureka-EvictionTimer] Running the evict task with compensationTime 0ms
2022-11-18 19:15:34,941 INFO com.netflix.eureka.registry.AbstractInstanceRegistry$EvictionTask [Eureka-EvictionTimer] Running the evict task with compensationTime 0ms
2022-11-18 19:15:47,920 INFO org.springframework.boot.admin.SpringApplicationAdminMXBeanRegistrar$SpringApplicationAdmin [RMI TCP Connection(19)-127.0.0.1] Application shutdown requested.
2022-11-18 19:15:47,924 INFO org.springframework.cloud.netflix.eureka.serviceregistry.EurekaServiceRegistry [RMI TCP Connection(19)-127.0.0.1] Unregistering application UNKNOWN with eureka with status DOWN
2022-11-18 19:15:47,958 INFO org.apache.juli.logging.DirectJDKLog [RMI TCP Connection(19)-127.0.0.1] Pausing ProtocolHandler ["http-nio-8761"]
2022-11-18 19:15:47,958 INFO org.apache.juli.logging.DirectJDKLog [RMI TCP Connection(19)-127.0.0.1] Stopping service [Tomcat]
2022-11-18 19:15:47,959 INFO org.apache.juli.logging.DirectJDKLog [RMI TCP Connection(19)-127.0.0.1] Destroying Spring FrameworkServlet 'dispatcherServlet'
2022-11-18 19:15:47,965 INFO org.apache.juli.logging.DirectJDKLog [RMI TCP Connection(19)-127.0.0.1] Stopping ProtocolHandler ["http-nio-8761"]
2022-11-18 19:15:47,968 INFO org.apache.juli.logging.DirectJDKLog [RMI TCP Connection(19)-127.0.0.1] Destroying ProtocolHandler ["http-nio-8761"]
2022-11-18 19:15:47,968 INFO org.springframework.cloud.netflix.eureka.server.EurekaServerBootstrap [RMI TCP Connection(19)-127.0.0.1] Shutting down Eureka Server..
2022-11-18 19:15:47,973 INFO com.netflix.eureka.DefaultEurekaServerContext [RMI TCP Connection(19)-127.0.0.1] Shutting down ...
2022-11-18 19:15:47,988 INFO com.netflix.eureka.DefaultEurekaServerContext [RMI TCP Connection(19)-127.0.0.1] Shut down
2022-11-18 19:15:47,989 INFO org.springframework.cloud.netflix.eureka.server.EurekaServerBootstrap [RMI TCP Connection(19)-127.0.0.1] Eureka Service is now shutdown...
2022-11-18 19:15:47,989 INFO com.netflix.eureka.DefaultEurekaServerContext [RMI TCP Connection(19)-127.0.0.1] Shutting down ...
2022-11-18 19:15:47,997 INFO com.netflix.eureka.DefaultEurekaServerContext [RMI TCP Connection(19)-127.0.0.1] Shut down
2022-11-18 19:15:48,007 INFO com.netflix.discovery.DiscoveryClient [RMI TCP Connection(19)-127.0.0.1] Shutting down DiscoveryClient ...
2022-11-18 19:15:48,009 INFO com.netflix.discovery.DiscoveryClient [RMI TCP Connection(19)-127.0.0.1] Completed shut down of DiscoveryClient
2022-11-18 19:17:09,536 INFO org.springframework.boot.StartupInfoLogger [main] Starting SpringEurekaRegistryApplicationTests using Java 17.0.4.1 on Fakruddin with PID 26176 (started by BabaFakruddinDharuba in C:\Users\BabaFakruddinDharuba\git\BackEndTaskRepo\flattenpdf-eureka-registry)
2022-11-18 19:17:09,539 DEBUG org.springframework.boot.StartupInfoLogger [main] Running with Spring Boot v2.6.13, Spring v5.3.23
2022-11-18 19:17:09,540 INFO org.springframework.boot.SpringApplication [main] No active profile set, falling back to 1 default profile: "default"
2022-11-18 19:17:11,406 INFO org.springframework.cloud.context.scope.GenericScope [main] BeanFactory id=a63b8dfa-d245-3deb-a66b-a2a1487776b3
2022-11-18 19:17:14,103 INFO org.springframework.cloud.netflix.eureka.config.DiscoveryClientOptionalArgsConfiguration [main] Eureka HTTP Client uses Jersey
2022-11-18 19:17:14,323 WARN org.springframework.cloud.loadbalancer.config.LoadBalancerCacheAutoConfiguration$LoadBalancerCaffeineWarnLogger [main] Spring Cloud LoadBalancer is currently working with the default cache. While this cache implementation is useful for development and tests, it's recommended to use Caffeine cache in production.You can switch to using Caffeine cache, by adding it and org.springframework.cache.caffeine.CaffeineCacheManager to the classpath.
2022-11-18 19:17:14,654 INFO org.springframework.cloud.netflix.eureka.InstanceInfoFactory [main] Setting initial instance status as: STARTING
2022-11-18 19:17:14,730 INFO com.netflix.discovery.DiscoveryClient [main] Initializing Eureka in region us-east-1
2022-11-18 19:17:14,734 INFO com.netflix.discovery.DiscoveryClient [main] Client configured to neither register nor query for data.
2022-11-18 19:17:14,751 INFO com.netflix.discovery.DiscoveryClient [main] Discovery Client initialized at timestamp 1668779234750 with initial instances count: 0
2022-11-18 19:17:14,852 INFO com.netflix.eureka.DefaultEurekaServerContext [main] Initializing ...
2022-11-18 19:17:14,860 WARN com.netflix.eureka.cluster.PeerEurekaNodes [main] The replica size seems to be empty. Check the route 53 DNS Registry
2022-11-18 19:17:14,951 INFO com.netflix.eureka.registry.AbstractInstanceRegistry [main] Finished initializing remote region registries. All known remote regions: []
2022-11-18 19:17:14,954 INFO com.netflix.eureka.DefaultEurekaServerContext [main] Initialized
2022-11-18 19:17:15,142 INFO org.springframework.boot.actuate.endpoint.web.EndpointLinksResolver [main] Exposing 1 endpoint(s) beneath base path '/actuator'
2022-11-18 19:17:15,210 INFO org.springframework.cloud.netflix.eureka.serviceregistry.EurekaServiceRegistry [main] Registering application UNKNOWN with eureka with status UP
2022-11-18 19:17:15,232 INFO org.springframework.cloud.netflix.eureka.server.EurekaServerBootstrap [Thread-9] isAws returned false
2022-11-18 19:17:15,233 INFO org.springframework.cloud.netflix.eureka.server.EurekaServerBootstrap [Thread-9] Initialized server context
2022-11-18 19:17:15,234 INFO org.springframework.boot.StartupInfoLogger [main] Started SpringEurekaRegistryApplicationTests in 6.652 seconds (JVM running for 8.328)
2022-11-18 19:17:15,234 INFO com.netflix.eureka.registry.PeerAwareInstanceRegistryImpl [Thread-9] Got 1 instances from neighboring DS node
2022-11-18 19:17:15,235 INFO com.netflix.eureka.registry.PeerAwareInstanceRegistryImpl [Thread-9] Renew threshold is: 1
2022-11-18 19:17:15,235 INFO com.netflix.eureka.registry.PeerAwareInstanceRegistryImpl [Thread-9] Changing status to UP
2022-11-18 19:17:15,253 INFO org.springframework.cloud.netflix.eureka.server.EurekaServerInitializerConfiguration [Thread-9] Started Eureka Server
2022-11-18 19:17:16,127 INFO org.springframework.cloud.netflix.eureka.serviceregistry.EurekaServiceRegistry [SpringApplicationShutdownHook] Unregistering application UNKNOWN with eureka with status DOWN
2022-11-18 19:17:16,129 INFO org.springframework.cloud.netflix.eureka.server.EurekaServerBootstrap [SpringApplicationShutdownHook] Shutting down Eureka Server..
2022-11-18 19:17:16,135 INFO com.netflix.eureka.DefaultEurekaServerContext [SpringApplicationShutdownHook] Shutting down ...
2022-11-18 19:17:16,148 INFO com.netflix.eureka.DefaultEurekaServerContext [SpringApplicationShutdownHook] Shut down
2022-11-18 19:17:16,149 INFO org.springframework.cloud.netflix.eureka.server.EurekaServerBootstrap [SpringApplicationShutdownHook] Eureka Service is now shutdown...
2022-11-18 19:17:16,150 INFO com.netflix.eureka.DefaultEurekaServerContext [SpringApplicationShutdownHook] Shutting down ...
2022-11-18 19:17:16,159 INFO com.netflix.eureka.DefaultEurekaServerContext [SpringApplicationShutdownHook] Shut down
2022-11-18 19:17:16,166 INFO com.netflix.discovery.DiscoveryClient [SpringApplicationShutdownHook] Shutting down DiscoveryClient ...
2022-11-18 19:17:16,168 INFO com.netflix.discovery.DiscoveryClient [SpringApplicationShutdownHook] Completed shut down of DiscoveryClient
2022-11-18 19:17:59,817 INFO org.springframework.boot.StartupInfoLogger [main] Starting SpringEurekaRegistryApplicationTests using Java 17.0.4.1 on Fakruddin with PID 10952 (started by BabaFakruddinDharuba in C:\Users\BabaFakruddinDharuba\git\BackEndTaskRepo\flattenpdf-eureka-registry)
2022-11-18 19:17:59,820 DEBUG org.springframework.boot.StartupInfoLogger [main] Running with Spring Boot v2.6.13, Spring v5.3.23
2022-11-18 19:17:59,821 INFO org.springframework.boot.SpringApplication [main] No active profile set, falling back to 1 default profile: "default"
2022-11-18 19:18:01,464 INFO org.springframework.cloud.context.scope.GenericScope [main] BeanFactory id=052858e2-041b-3291-a5c7-1db44263ff8c
2022-11-18 19:18:03,923 INFO org.springframework.cloud.netflix.eureka.config.DiscoveryClientOptionalArgsConfiguration [main] Eureka HTTP Client uses Jersey
2022-11-18 19:18:04,097 WARN org.springframework.cloud.loadbalancer.config.LoadBalancerCacheAutoConfiguration$LoadBalancerCaffeineWarnLogger [main] Spring Cloud LoadBalancer is currently working with the default cache. While this cache implementation is useful for development and tests, it's recommended to use Caffeine cache in production.You can switch to using Caffeine cache, by adding it and org.springframework.cache.caffeine.CaffeineCacheManager to the classpath.
2022-11-18 19:18:04,414 INFO org.springframework.cloud.netflix.eureka.InstanceInfoFactory [main] Setting initial instance status as: STARTING
2022-11-18 19:18:04,475 INFO com.netflix.discovery.DiscoveryClient [main] Initializing Eureka in region us-east-1
2022-11-18 19:18:04,478 INFO com.netflix.discovery.DiscoveryClient [main] Client configured to neither register nor query for data.
2022-11-18 19:18:04,493 INFO com.netflix.discovery.DiscoveryClient [main] Discovery Client initialized at timestamp 1668779284492 with initial instances count: 0
2022-11-18 19:18:04,569 INFO com.netflix.eureka.DefaultEurekaServerContext [main] Initializing ...
2022-11-18 19:18:04,574 WARN com.netflix.eureka.cluster.PeerEurekaNodes [main] The replica size seems to be empty. Check the route 53 DNS Registry
2022-11-18 19:18:04,647 INFO com.netflix.eureka.registry.AbstractInstanceRegistry [main] Finished initializing remote region registries. All known remote regions: []
2022-11-18 19:18:04,649 INFO com.netflix.eureka.DefaultEurekaServerContext [main] Initialized
2022-11-18 19:18:04,835 INFO org.springframework.boot.actuate.endpoint.web.EndpointLinksResolver [main] Exposing 1 endpoint(s) beneath base path '/actuator'
2022-11-18 19:18:04,900 INFO org.springframework.cloud.netflix.eureka.serviceregistry.EurekaServiceRegistry [main] Registering application UNKNOWN with eureka with status UP
2022-11-18 19:18:04,921 INFO org.springframework.cloud.netflix.eureka.server.EurekaServerBootstrap [Thread-9] isAws returned false
2022-11-18 19:18:04,922 INFO org.springframework.cloud.netflix.eureka.server.EurekaServerBootstrap [Thread-9] Initialized server context
2022-11-18 19:18:04,923 INFO com.netflix.eureka.registry.PeerAwareInstanceRegistryImpl [Thread-9] Got 1 instances from neighboring DS node
2022-11-18 19:18:04,923 INFO com.netflix.eureka.registry.PeerAwareInstanceRegistryImpl [Thread-9] Renew threshold is: 1
2022-11-18 19:18:04,923 INFO com.netflix.eureka.registry.PeerAwareInstanceRegistryImpl [Thread-9] Changing status to UP
2022-11-18 19:18:04,929 INFO org.springframework.boot.StartupInfoLogger [main] Started SpringEurekaRegistryApplicationTests in 5.94 seconds (JVM running for 7.525)
2022-11-18 19:18:04,935 INFO org.springframework.cloud.netflix.eureka.server.EurekaServerInitializerConfiguration [Thread-9] Started Eureka Server
2022-11-18 19:18:05,834 INFO org.springframework.cloud.netflix.eureka.serviceregistry.EurekaServiceRegistry [SpringApplicationShutdownHook] Unregistering application UNKNOWN with eureka with status DOWN
2022-11-18 19:18:05,837 INFO org.springframework.cloud.netflix.eureka.server.EurekaServerBootstrap [SpringApplicationShutdownHook] Shutting down Eureka Server..
2022-11-18 19:18:05,844 INFO com.netflix.eureka.DefaultEurekaServerContext [SpringApplicationShutdownHook] Shutting down ...
2022-11-18 19:18:05,861 INFO com.netflix.eureka.DefaultEurekaServerContext [SpringApplicationShutdownHook] Shut down
2022-11-18 19:18:05,861 INFO org.springframework.cloud.netflix.eureka.server.EurekaServerBootstrap [SpringApplicationShutdownHook] Eureka Service is now shutdown...
2022-11-18 19:18:05,862 INFO com.netflix.eureka.DefaultEurekaServerContext [SpringApplicationShutdownHook] Shutting down ...
2022-11-18 19:18:05,869 INFO com.netflix.eureka.DefaultEurekaServerContext [SpringApplicationShutdownHook] Shut down
2022-11-18 19:18:05,876 INFO com.netflix.discovery.DiscoveryClient [SpringApplicationShutdownHook] Shutting down DiscoveryClient ...
2022-11-18 19:18:05,877 INFO com.netflix.discovery.DiscoveryClient [SpringApplicationShutdownHook] Completed shut down of DiscoveryClient
